{
  "RSpec": {
    "coverage": {
      "/home/mouad-imam/Personal/flowrb/lib/flowline.rb": {
        "lines": [
          null,
          null,
          1,
          1,
          1,
          1,
          1,
          1,
          1,
          1,
          null,
          null,
          null,
          1,
          1,
          null,
          null,
          null,
          null,
          null,
          null,
          null,
          null,
          null,
          null,
          null,
          null,
          null,
          null,
          null,
          null,
          null,
          1,
          90,
          null,
          null,
          null
        ],
        "branches": {}
      },
      "/home/mouad-imam/Personal/flowrb/lib/flowline/errors.rb": {
        "lines": [
          null,
          null,
          1,
          null,
          1,
          null,
          null,
          1,
          1,
          null,
          1,
          25,
          25,
          null,
          null,
          null,
          null,
          1,
          1,
          null,
          1,
          11,
          11,
          11,
          null,
          null,
          null,
          null,
          1,
          1,
          null,
          1,
          4,
          4,
          null,
          null,
          null,
          null,
          1,
          1,
          null,
          1,
          18,
          18,
          18,
          18,
          null,
          null,
          null
        ],
        "branches": {}
      },
      "/home/mouad-imam/Personal/flowrb/lib/flowline/step.rb": {
        "lines": [
          null,
          null,
          1,
          null,
          null,
          1,
          1,
          null,
          1,
          568,
          568,
          568,
          568,
          null,
          568,
          566,
          null,
          null,
          1,
          370,
          339,
          null,
          31,
          null,
          null,
          null,
          1,
          1,
          null,
          null,
          1,
          2,
          null,
          null,
          1,
          null,
          1,
          568,
          null,
          null,
          1,
          568,
          568,
          567,
          null,
          null,
          null
        ],
        "branches": {
          "[:if, 0, 20, 6, 24, 9]": {
            "[:then, 1, 21, 8, 21, 28]": 339,
            "[:else, 2, 23, 8, 23, 38]": 31
          },
          "[:if, 3, 42, 6, 42, 65]": {
            "[:then, 4, 42, 6, 42, 52]": 0,
            "[:else, 5, 42, 6, 42, 65]": 568
          },
          "[:unless, 6, 43, 6, 43, 115]": {
            "[:else, 7, 43, 6, 43, 115]": 567,
            "[:then, 8, 43, 6, 43, 99]": 1
          },
          "[:unless, 9, 44, 6, 44, 94]": {
            "[:else, 10, 44, 6, 44, 94]": 566,
            "[:then, 11, 44, 6, 44, 59]": 1
          }
        }
      },
      "/home/mouad-imam/Personal/flowrb/lib/flowline/dag.rb": {
        "lines": [
          null,
          null,
          1,
          null,
          1,
          null,
          null,
          1,
          1,
          null,
          1,
          189,
          null,
          null,
          1,
          519,
          3,
          null,
          null,
          null,
          null,
          null,
          516,
          516,
          null,
          null,
          1,
          12,
          null,
          null,
          1,
          4,
          null,
          null,
          1,
          2,
          null,
          null,
          1,
          17,
          null,
          null,
          1,
          8,
          null,
          null,
          1,
          145,
          592,
          null,
          null,
          1,
          321,
          309,
          288,
          null,
          null,
          1,
          12,
          null,
          12,
          2,
          2,
          null,
          null,
          10,
          26,
          16,
          null,
          10,
          13,
          null,
          null,
          null,
          null,
          10,
          null,
          null,
          1,
          null,
          null,
          1,
          454,
          null,
          null,
          null,
          1,
          1333,
          1333,
          null,
          1333,
          null,
          null,
          1,
          321,
          902,
          null,
          680,
          2,
          null,
          null,
          null,
          null,
          null,
          678,
          null,
          10,
          null,
          null,
          null,
          null,
          null,
          null,
          null,
          null,
          1,
          309,
          null,
          null,
          21,
          21,
          null,
          null,
          null,
          null,
          null,
          1,
          null,
          null,
          21,
          null,
          null,
          1,
          null,
          21,
          21,
          21,
          null,
          21,
          21,
          null,
          null,
          0,
          null,
          null,
          1,
          46,
          46,
          null,
          46,
          46,
          null,
          46,
          46,
          25,
          25,
          null,
          0,
          21,
          21,
          21,
          21,
          null,
          null,
          null,
          0,
          0,
          null,
          null,
          null
        ],
        "branches": {
          "[:if, 0, 16, 6, 21, 9]": {
            "[:then, 1, 17, 8, 20, 9]": 3,
            "[:else, 2, 16, 6, 21, 9]": 516
          },
          "[:if, 3, 61, 6, 64, 9]": {
            "[:then, 4, 62, 8, 63, 31]": 2,
            "[:else, 5, 61, 6, 64, 9]": 10
          },
          "[:if, 6, 67, 8, 73, 11]": {
            "[:then, 7, 68, 10, 68, 35]": 16,
            "[:else, 8, 70, 10, 72, 13]": 10
          },
          "[:unless, 9, 89, 6, 89, 24]": {
            "[:else, 10, 89, 6, 89, 24]": 1333,
            "[:then, 11, 89, 6, 89, 12]": 0
          },
          "[:if, 12, 98, 10, 103, 13]": {
            "[:then, 13, 99, 12, 102, 13]": 2,
            "[:else, 14, 98, 10, 103, 13]": 678
          },
          "[:if, 15, 105, 10, 105, 34]": {
            "[:then, 16, 105, 10, 105, 14]": 668,
            "[:else, 17, 105, 10, 105, 34]": 10
          },
          "[:if, 18, 140, 8, 140, 81]": {
            "[:then, 19, 140, 8, 140, 28]": 21,
            "[:else, 20, 140, 8, 140, 81]": 0
          },
          "[:unless, 21, 151, 6, 151, 30]": {
            "[:else, 22, 151, 6, 151, 30]": 46,
            "[:then, 23, 151, 6, 151, 18]": 0
          },
          "[:if, 24, 154, 8, 163, 11]": {
            "[:then, 25, 155, 10, 158, 19]": 25,
            "[:else, 26, 159, 8, 162, 21]": 21
          },
          "[:if, 27, 156, 10, 156, 73]": {
            "[:then, 28, 156, 10, 156, 21]": 25,
            "[:else, 29, 156, 10, 156, 73]": 0
          },
          "[:if, 30, 159, 8, 162, 21]": {
            "[:then, 31, 160, 10, 162, 21]": 21,
            "[:else, 32, 159, 8, 162, 21]": 0
          }
        }
      },
      "/home/mouad-imam/Personal/flowrb/lib/flowline/result.rb": {
        "lines": [
          null,
          null,
          1,
          null,
          1,
          1,
          null,
          1,
          406,
          406,
          406,
          406,
          406,
          406,
          null,
          null,
          1,
          581,
          null,
          null,
          1,
          214,
          null,
          null,
          1,
          353,
          null,
          null,
          1,
          null,
          1,
          null,
          6,
          null,
          null,
          null,
          null,
          null,
          null,
          null,
          null,
          1,
          5,
          null,
          null,
          null,
          null,
          1,
          1,
          null,
          1,
          161,
          161,
          161,
          161,
          null,
          null,
          1,
          169,
          null,
          null,
          1,
          62,
          null,
          null,
          1,
          6,
          null,
          null,
          1,
          null,
          1,
          23,
          null,
          11,
          null,
          null,
          1,
          4,
          null,
          null,
          1,
          6,
          null,
          null,
          1,
          null,
          5,
          null,
          null,
          null,
          null,
          null,
          null,
          null,
          null,
          1,
          6,
          6,
          null,
          null,
          null
        ],
        "branches": {
          "[:if, 0, 18, 18, 18, 44]": {
            "[:then, 1, 18, 26, 18, 33]": 7,
            "[:else, 2, 18, 36, 18, 44]": 2
          },
          "[:\"&.\", 3, 43, 92, 43, 110]": {
            "[:then, 4, 43, 92, 43, 110]": 4,
            "[:else, 5, 43, 92, 43, 110]": 1
          },
          "[:unless, 6, 73, 6, 73, 49]": {
            "[:else, 7, 73, 6, 73, 49]": 11,
            "[:then, 8, 73, 6, 73, 16]": 12
          },
          "[:\"&.\", 9, 92, 15, 92, 29]": {
            "[:then, 10, 92, 15, 92, 29]": 1,
            "[:else, 11, 92, 15, 92, 29]": 4
          },
          "[:if, 12, 98, 15, 98, 46]": {
            "[:then, 13, 98, 26, 98, 35]": 5,
            "[:else, 14, 98, 38, 98, 46]": 1
          },
          "[:\"&.\", 15, 99, 81, 99, 99]": {
            "[:then, 16, 99, 81, 99, 99]": 1,
            "[:else, 17, 99, 81, 99, 99]": 5
          }
        }
      },
      "/home/mouad-imam/Personal/flowrb/lib/flowline/executor/base.rb": {
        "lines": [
          null,
          null,
          1,
          1,
          null,
          null,
          1,
          1,
          null,
          1,
          131,
          null,
          null,
          1,
          1,
          null,
          null,
          1,
          null,
          1,
          345,
          null,
          345,
          null,
          null,
          152,
          null,
          null,
          167,
          null,
          null,
          26,
          84,
          null,
          26,
          null,
          null,
          null,
          null,
          null
        ],
        "branches": {
          "[:case, 0, 23, 8, 36, 11]": {
            "[:when, 1, 26, 10, 26, 73]": 152,
            "[:when, 2, 29, 10, 29, 53]": 167,
            "[:else, 3, 32, 10, 35, 38]": 26
          },
          "[:if, 4, 26, 18, 26, 59]": {
            "[:then, 5, 26, 39, 26, 41]": 136,
            "[:else, 6, 26, 44, 26, 59]": 16
          }
        }
      },
      "/home/mouad-imam/Personal/flowrb/lib/flowline/executor/sequential.rb": {
        "lines": [
          null,
          null,
          1,
          null,
          1,
          1,
          null,
          1,
          1,
          130,
          null,
          122,
          122,
          122,
          null,
          null,
          122,
          345,
          345,
          null,
          345,
          17,
          null,
          null,
          null,
          null,
          null,
          null,
          null,
          328,
          null,
          null,
          105,
          null,
          17,
          null,
          0,
          null,
          null,
          null,
          null,
          null,
          null,
          null,
          null,
          1,
          null,
          1,
          345,
          345,
          null,
          null,
          345,
          328,
          null,
          328,
          null,
          null,
          null,
          null,
          null,
          null,
          null,
          17,
          null,
          17,
          null,
          null,
          null,
          null,
          null,
          null,
          null,
          null,
          null,
          1,
          122,
          null,
          null,
          null,
          null,
          null,
          null,
          null,
          null
        ],
        "branches": {
          "[:if, 0, 21, 12, 28, 15]": {
            "[:then, 1, 22, 14, 27, 15]": 17,
            "[:else, 2, 21, 12, 28, 15]": 328
          }
        }
      },
      "/home/mouad-imam/Personal/flowrb/lib/flowline/pipeline.rb": {
        "lines": [
          null,
          null,
          1,
          null,
          1,
          1,
          null,
          1,
          109,
          109,
          109,
          null,
          null,
          1,
          319,
          319,
          318,
          null,
          null,
          1,
          98,
          98,
          null,
          null,
          1,
          30,
          null,
          null,
          1,
          4,
          null,
          null,
          1,
          3,
          null,
          null,
          1,
          5,
          null,
          null,
          1,
          3,
          null,
          null,
          1,
          4,
          null,
          null,
          null
        ],
        "branches": {
          "[:if, 0, 11, 6, 11, 38]": {
            "[:then, 1, 11, 6, 11, 22]": 104,
            "[:else, 2, 11, 6, 11, 38]": 5
          }
        }
      }
    },
    "timestamp": 1769969716
  }
}
