{
  "RSpec": {
    "coverage": {
      "/home/mouad-imam/Personal/flowrb/lib/flowrb.rb": {
        "lines": [
          null,
          null,
          1,
          1,
          1,
          1,
          1,
          1,
          1,
          1,
          1,
          1,
          null,
          null,
          null,
          1,
          1,
          null,
          null,
          null,
          null,
          null,
          null,
          null,
          null,
          null,
          null,
          null,
          null,
          null,
          null,
          null,
          null,
          null,
          1,
          344,
          null,
          null,
          null
        ],
        "branches": {}
      },
      "/home/mouad-imam/Personal/flowrb/lib/flowrb/errors.rb": {
        "lines": [
          null,
          null,
          1,
          null,
          1,
          null,
          null,
          1,
          1,
          null,
          1,
          30,
          30,
          null,
          null,
          null,
          null,
          1,
          1,
          null,
          1,
          15,
          15,
          15,
          null,
          null,
          null,
          null,
          1,
          1,
          null,
          1,
          6,
          6,
          null,
          null,
          null,
          null,
          1,
          1,
          null,
          1,
          70,
          70,
          70,
          70,
          null,
          null,
          null,
          null,
          1,
          1,
          null,
          1,
          36,
          36,
          36,
          36,
          null,
          null,
          null
        ],
        "branches": {}
      },
      "/home/mouad-imam/Personal/flowrb/lib/flowrb/step.rb": {
        "lines": [
          null,
          null,
          1,
          null,
          null,
          1,
          1,
          null,
          1,
          1431,
          1431,
          1431,
          1431,
          null,
          1431,
          1429,
          null,
          null,
          1,
          1233,
          1140,
          null,
          93,
          null,
          null,
          null,
          null,
          1,
          1115,
          null,
          null,
          1,
          93,
          null,
          null,
          1,
          22,
          null,
          null,
          1,
          97,
          null,
          null,
          null,
          1,
          1298,
          null,
          null,
          null,
          1,
          1294,
          null,
          null,
          1,
          1183,
          null,
          null,
          1,
          1177,
          null,
          null,
          null,
          1,
          null,
          262,
          null,
          null,
          1,
          254,
          null,
          null,
          1,
          1,
          null,
          null,
          1,
          2,
          null,
          null,
          1,
          null,
          1,
          1431,
          null,
          null,
          1,
          1431,
          1431,
          1430,
          null,
          null,
          null
        ],
        "branches": {
          "[:if, 0, 20, 6, 24, 9]": {
            "[:then, 1, 21, 8, 21, 28]": 1140,
            "[:else, 2, 23, 8, 23, 38]": 93
          },
          "[:if, 3, 87, 6, 87, 65]": {
            "[:then, 4, 87, 6, 87, 52]": 0,
            "[:else, 5, 87, 6, 87, 65]": 1431
          },
          "[:unless, 6, 88, 6, 88, 115]": {
            "[:else, 7, 88, 6, 88, 115]": 1430,
            "[:then, 8, 88, 6, 88, 99]": 1
          },
          "[:unless, 9, 89, 6, 89, 94]": {
            "[:else, 10, 89, 6, 89, 94]": 1429,
            "[:then, 11, 89, 6, 89, 59]": 1
          }
        }
      },
      "/home/mouad-imam/Personal/flowrb/lib/flowrb/dag.rb": {
        "lines": [
          null,
          null,
          1,
          null,
          1,
          null,
          null,
          1,
          1,
          null,
          1,
          463,
          null,
          null,
          1,
          1382,
          5,
          null,
          null,
          null,
          null,
          null,
          1377,
          1377,
          null,
          null,
          1,
          12,
          null,
          null,
          1,
          4,
          null,
          null,
          1,
          2,
          null,
          null,
          1,
          89,
          null,
          null,
          1,
          9,
          null,
          null,
          1,
          392,
          1287,
          null,
          null,
          1,
          966,
          949,
          924,
          null,
          null,
          null,
          null,
          null,
          null,
          1,
          71,
          71,
          null,
          69,
          69,
          null,
          null,
          1,
          12,
          null,
          12,
          2,
          2,
          null,
          null,
          10,
          26,
          16,
          null,
          10,
          13,
          null,
          null,
          null,
          null,
          10,
          null,
          null,
          1,
          null,
          null,
          1,
          1410,
          null,
          null,
          null,
          1,
          4095,
          4095,
          null,
          4095,
          null,
          null,
          1,
          69,
          69,
          469,
          738,
          null,
          69,
          null,
          null,
          1,
          69,
          1525,
          null,
          null,
          1,
          966,
          2754,
          null,
          1702,
          3,
          null,
          null,
          null,
          null,
          null,
          1699,
          null,
          14,
          null,
          null,
          null,
          null,
          null,
          null,
          null,
          null,
          1,
          949,
          null,
          null,
          25,
          25,
          null,
          null,
          null,
          null,
          null,
          1,
          null,
          null,
          25,
          null,
          null,
          1,
          null,
          25,
          25,
          25,
          null,
          25,
          28,
          null,
          null,
          0,
          null,
          null,
          1,
          61,
          61,
          null,
          61,
          61,
          null,
          61,
          61,
          33,
          33,
          null,
          0,
          28,
          25,
          25,
          25,
          null,
          null,
          null,
          3,
          3,
          null,
          null,
          null
        ],
        "branches": {
          "[:if, 0, 16, 6, 21, 9]": {
            "[:then, 1, 17, 8, 20, 9]": 5,
            "[:else, 2, 16, 6, 21, 9]": 1377
          },
          "[:if, 3, 64, 6, 64, 25]": {
            "[:then, 4, 64, 6, 64, 15]": 2,
            "[:else, 5, 64, 6, 64, 25]": 69
          },
          "[:if, 6, 73, 6, 76, 9]": {
            "[:then, 7, 74, 8, 75, 31]": 2,
            "[:else, 8, 73, 6, 76, 9]": 10
          },
          "[:if, 9, 79, 8, 85, 11]": {
            "[:then, 10, 80, 10, 80, 35]": 16,
            "[:else, 11, 82, 10, 84, 13]": 10
          },
          "[:unless, 12, 101, 6, 101, 24]": {
            "[:else, 13, 101, 6, 101, 24]": 4095,
            "[:then, 14, 101, 6, 101, 12]": 0
          },
          "[:if, 15, 110, 28, 110, 115]": {
            "[:then, 16, 110, 55, 110, 56]": 385,
            "[:else, 17, 110, 59, 110, 115]": 84
          },
          "[:if, 18, 124, 10, 129, 13]": {
            "[:then, 19, 125, 12, 128, 13]": 3,
            "[:else, 20, 124, 10, 129, 13]": 1699
          },
          "[:if, 21, 131, 10, 131, 34]": {
            "[:then, 22, 131, 10, 131, 14]": 1685,
            "[:else, 23, 131, 10, 131, 34]": 14
          },
          "[:if, 24, 166, 8, 166, 81]": {
            "[:then, 25, 166, 8, 166, 28]": 25,
            "[:else, 26, 166, 8, 166, 81]": 3
          },
          "[:unless, 27, 177, 6, 177, 30]": {
            "[:else, 28, 177, 6, 177, 30]": 61,
            "[:then, 29, 177, 6, 177, 18]": 0
          },
          "[:if, 30, 180, 8, 189, 11]": {
            "[:then, 31, 181, 10, 184, 19]": 33,
            "[:else, 32, 185, 8, 188, 21]": 28
          },
          "[:if, 33, 182, 10, 182, 73]": {
            "[:then, 34, 182, 10, 182, 21]": 33,
            "[:else, 35, 182, 10, 182, 73]": 0
          },
          "[:if, 36, 185, 8, 188, 21]": {
            "[:then, 37, 186, 10, 188, 21]": 25,
            "[:else, 38, 185, 8, 188, 21]": 3
          }
        }
      },
      "/home/mouad-imam/Personal/flowrb/lib/flowrb/result.rb": {
        "lines": [
          null,
          null,
          1,
          null,
          1,
          1,
          null,
          1,
          null,
          1294,
          1294,
          1294,
          1294,
          1294,
          1294,
          1294,
          1294,
          null,
          null,
          1,
          2481,
          null,
          null,
          1,
          6,
          null,
          null,
          1,
          2175,
          null,
          null,
          1,
          null,
          1,
          188,
          null,
          null,
          1,
          12,
          null,
          null,
          1,
          null,
          6,
          null,
          null,
          null,
          null,
          null,
          null,
          null,
          null,
          null,
          null,
          null,
          1,
          5,
          null,
          null,
          null,
          null,
          1,
          1,
          null,
          1,
          473,
          473,
          473,
          473,
          null,
          null,
          1,
          652,
          null,
          null,
          1,
          199,
          null,
          null,
          1,
          8,
          null,
          null,
          1,
          null,
          1,
          23,
          null,
          11,
          null,
          null,
          1,
          6,
          null,
          null,
          1,
          6,
          null,
          null,
          1,
          null,
          5,
          null,
          null,
          null,
          null,
          null,
          null,
          null,
          null,
          1,
          6,
          6,
          null,
          null,
          null
        ],
        "branches": {
          "[:if, 0, 21, 18, 21, 44]": {
            "[:then, 1, 21, 26, 21, 33]": 7,
            "[:else, 2, 21, 36, 21, 44]": 3
          },
          "[:\"&.\", 3, 57, 90, 57, 108]": {
            "[:then, 4, 57, 90, 57, 108]": 4,
            "[:else, 5, 57, 90, 57, 108]": 1
          },
          "[:unless, 6, 87, 6, 87, 49]": {
            "[:else, 7, 87, 6, 87, 49]": 11,
            "[:then, 8, 87, 6, 87, 16]": 12
          },
          "[:\"&.\", 9, 106, 15, 106, 29]": {
            "[:then, 10, 106, 15, 106, 29]": 1,
            "[:else, 11, 106, 15, 106, 29]": 4
          },
          "[:if, 12, 112, 15, 112, 46]": {
            "[:then, 13, 112, 26, 112, 35]": 5,
            "[:else, 14, 112, 38, 112, 46]": 1
          },
          "[:\"&.\", 15, 113, 79, 113, 97]": {
            "[:then, 16, 113, 79, 113, 97]": 1,
            "[:else, 17, 113, 79, 113, 97]": 5
          }
        }
      },
      "/home/mouad-imam/Personal/flowrb/lib/flowrb/cache.rb": {
        "lines": [
          null,
          null,
          1,
          1,
          null,
          1,
          null,
          null,
          1,
          null,
          1,
          1,
          0,
          null,
          null,
          1,
          0,
          null,
          null,
          1,
          0,
          null,
          null,
          1,
          0,
          null,
          null,
          1,
          0,
          null,
          null,
          null,
          null,
          1,
          1,
          60,
          60,
          null,
          null,
          1,
          163,
          null,
          null,
          1,
          1060,
          null,
          null,
          1,
          1101,
          null,
          null,
          1,
          8,
          null,
          null,
          1,
          1,
          null,
          null,
          null,
          null,
          1,
          1,
          null,
          1,
          25,
          25,
          25,
          null,
          null,
          1,
          45,
          null,
          null,
          1,
          19,
          null,
          18,
          18,
          null,
          null,
          1,
          null,
          null,
          1,
          28,
          null,
          null,
          1,
          2,
          null,
          null,
          1,
          1,
          null,
          null,
          1,
          null,
          1,
          null,
          93,
          93,
          null,
          null,
          null,
          null,
          1,
          1,
          null,
          1,
          99,
          99,
          99,
          null,
          null,
          1,
          58,
          null,
          null,
          null,
          null
        ],
        "branches": {
          "[:unless, 0, 76, 8, 76, 37]": {
            "[:else, 1, 76, 8, 76, 37]": 18,
            "[:then, 2, 76, 8, 76, 18]": 1
          },
          "[:if, 3, 90, 8, 90, 49]": {
            "[:then, 4, 90, 8, 90, 34]": 2,
            "[:else, 5, 90, 8, 90, 49]": 0
          }
        }
      },
      "/home/mouad-imam/Personal/flowrb/lib/flowrb/executor/base.rb": {
        "lines": [
          null,
          null,
          1,
          null,
          1,
          1,
          null,
          null,
          1,
          1,
          null,
          1,
          443,
          null,
          null,
          1,
          1,
          null,
          null,
          1,
          null,
          1,
          1235,
          null,
          1235,
          null,
          null,
          794,
          null,
          null,
          348,
          null,
          null,
          93,
          379,
          null,
          93,
          null,
          null,
          null,
          null,
          1,
          1115,
          1115,
          1115,
          1115,
          1115,
          null,
          1115,
          1208,
          null,
          1208,
          null,
          167,
          167,
          null,
          167,
          null,
          93,
          93,
          93,
          null,
          null,
          73,
          null,
          null,
          1,
          null,
          1,
          1208,
          54,
          null,
          1154,
          null,
          null,
          null,
          1,
          54,
          54,
          null,
          15,
          null,
          36,
          36,
          null,
          3,
          null,
          null,
          1,
          1154,
          1026,
          null,
          128,
          null,
          null,
          1,
          167,
          null,
          97,
          97,
          null,
          11,
          null,
          null,
          1,
          93,
          93,
          null,
          22,
          22,
          null,
          null,
          1,
          22,
          null,
          6,
          null,
          6,
          null,
          10,
          null,
          null,
          null,
          1,
          1041,
          null,
          null,
          null,
          null,
          null,
          null,
          null,
          null,
          null,
          1,
          73,
          null,
          null,
          null,
          null,
          null,
          null,
          null,
          null,
          null,
          null,
          1,
          64,
          null,
          null,
          null,
          null,
          null,
          null,
          null,
          null,
          null,
          1,
          1177,
          null,
          117,
          117,
          null,
          null,
          117,
          null,
          6,
          null,
          0,
          null,
          null,
          1,
          117,
          null,
          117,
          111,
          35,
          null,
          76,
          null,
          null,
          6,
          null,
          null,
          null,
          null,
          1,
          254,
          254,
          53,
          50,
          null,
          3,
          null,
          null,
          201,
          null,
          null,
          null,
          1,
          1235,
          161,
          159,
          null,
          157,
          157,
          null,
          58,
          58,
          null,
          58,
          null,
          null,
          1,
          1175,
          103,
          101,
          null,
          97,
          97,
          null,
          null,
          null,
          null,
          97,
          null,
          null,
          1,
          58,
          3,
          null,
          55,
          null,
          null,
          null,
          null,
          null,
          null,
          null,
          null,
          null,
          null,
          null,
          null
        ],
        "branches": {
          "[:case, 0, 25, 8, 38, 11]": {
            "[:when, 1, 28, 10, 28, 73]": 794,
            "[:when, 2, 31, 10, 31, 53]": 348,
            "[:else, 3, 34, 10, 37, 38]": 93
          },
          "[:if, 4, 28, 18, 28, 59]": {
            "[:then, 5, 28, 39, 28, 41]": 756,
            "[:else, 6, 28, 44, 28, 59]": 38
          },
          "[:if, 7, 52, 10, 52, 110]": {
            "[:then, 8, 52, 10, 52, 90]": 1041,
            "[:else, 9, 52, 10, 52, 110]": 167
          },
          "[:unless, 10, 57, 10, 57, 73]": {
            "[:else, 11, 57, 10, 57, 73]": 93,
            "[:then, 12, 57, 10, 57, 15]": 73
          },
          "[:if, 13, 70, 8, 74, 11]": {
            "[:then, 14, 71, 10, 71, 43]": 54,
            "[:else, 15, 73, 10, 73, 46]": 1154
          },
          "[:if, 16, 97, 8, 97, 46]": {
            "[:then, 17, 97, 8, 97, 20]": 70,
            "[:else, 18, 97, 8, 97, 46]": 97
          },
          "[:unless, 19, 100, 8, 100, 42]": {
            "[:else, 20, 100, 8, 100, 42]": 11,
            "[:then, 21, 100, 8, 100, 19]": 86
          },
          "[:if, 22, 107, 8, 107, 52]": {
            "[:then, 23, 107, 8, 107, 14]": 71,
            "[:else, 24, 107, 8, 107, 52]": 22
          },
          "[:case, 25, 114, 8, 121, 11]": {
            "[:when, 26, 116, 10, 116, 45]": 6,
            "[:when, 27, 118, 10, 118, 34]": 6,
            "[:else, 28, 120, 10, 120, 20]": 10
          },
          "[:unless, 29, 159, 8, 159, 45]": {
            "[:else, 30, 159, 8, 159, 45]": 117,
            "[:then, 31, 159, 8, 159, 20]": 1060
          },
          "[:if, 32, 165, 8, 165, 61]": {
            "[:then, 33, 165, 8, 165, 50]": 111,
            "[:else, 34, 165, 8, 165, 61]": 6
          },
          "[:if, 35, 167, 8, 167, 68]": {
            "[:then, 36, 167, 8, 167, 53]": 6,
            "[:else, 37, 167, 8, 167, 68]": 0
          },
          "[:if, 38, 173, 8, 173, 37]": {
            "[:then, 39, 173, 8, 173, 19]": 0,
            "[:else, 40, 173, 8, 173, 37]": 117
          },
          "[:if, 41, 175, 8, 183, 11]": {
            "[:then, 42, 176, 10, 180, 13]": 111,
            "[:else, 43, 182, 10, 182, 42]": 6
          },
          "[:if, 44, 176, 10, 180, 13]": {
            "[:then, 45, 177, 12, 177, 26]": 35,
            "[:else, 46, 179, 12, 179, 41]": 76
          },
          "[:if, 47, 189, 8, 197, 11]": {
            "[:then, 48, 190, 10, 194, 13]": 53,
            "[:else, 49, 196, 10, 196, 24]": 201
          },
          "[:if, 50, 190, 10, 194, 13]": {
            "[:then, 51, 191, 12, 191, 42]": 50,
            "[:else, 52, 193, 12, 193, 45]": 3
          },
          "[:unless, 53, 201, 8, 201, 31]": {
            "[:else, 54, 201, 8, 201, 31]": 161,
            "[:then, 55, 201, 8, 201, 18]": 1074
          },
          "[:if, 56, 202, 8, 202, 27]": {
            "[:then, 57, 202, 8, 202, 18]": 2,
            "[:else, 58, 202, 8, 202, 27]": 159
          },
          "[:unless, 59, 203, 8, 203, 45]": {
            "[:else, 60, 203, 8, 203, 45]": 157,
            "[:then, 61, 203, 8, 203, 18]": 2
          },
          "[:unless, 62, 206, 8, 206, 43]": {
            "[:else, 63, 206, 8, 206, 43]": 58,
            "[:then, 64, 206, 8, 206, 18]": 99
          },
          "[:unless, 65, 209, 8, 209, 59]": {
            "[:else, 66, 209, 8, 209, 59]": 58,
            "[:then, 67, 209, 8, 209, 18]": 0
          },
          "[:unless, 68, 215, 8, 215, 27]": {
            "[:else, 69, 215, 8, 215, 27]": 103,
            "[:then, 70, 215, 8, 215, 14]": 1072
          },
          "[:unless, 71, 216, 8, 216, 41]": {
            "[:else, 72, 216, 8, 216, 41]": 101,
            "[:then, 73, 216, 8, 216, 14]": 2
          },
          "[:if, 74, 217, 8, 217, 32]": {
            "[:then, 75, 217, 8, 217, 14]": 4,
            "[:else, 76, 217, 8, 217, 32]": 97
          },
          "[:if, 77, 229, 8, 240, 11]": {
            "[:then, 78, 230, 10, 230, 36]": 3,
            "[:else, 79, 232, 10, 239, 11]": 55
          }
        }
      },
      "/home/mouad-imam/Personal/flowrb/lib/flowrb/executor/sequential.rb": {
        "lines": [
          null,
          null,
          1,
          null,
          1,
          1,
          null,
          1,
          1,
          377,
          null,
          369,
          369,
          369,
          369,
          369,
          null,
          null,
          369,
          791,
          789,
          null,
          789,
          52,
          null,
          null,
          null,
          null,
          null,
          null,
          null,
          737,
          null,
          null,
          315,
          null,
          52,
          null,
          2,
          null,
          null,
          null,
          null,
          null,
          null,
          null,
          null,
          1,
          null,
          1,
          791,
          null,
          null,
          791,
          791,
          null,
          null,
          736,
          58,
          58,
          58,
          null,
          null,
          null,
          677,
          676,
          676,
          null,
          null,
          1,
          367,
          null,
          null,
          null,
          null,
          null,
          null,
          null,
          null
        ],
        "branches": {
          "[:if, 0, 23, 12, 30, 15]": {
            "[:then, 1, 24, 14, 29, 15]": 52,
            "[:else, 2, 23, 12, 30, 15]": 737
          },
          "[:if, 3, 55, 8, 55, 45]": {
            "[:then, 4, 55, 8, 55, 28]": 55,
            "[:else, 5, 55, 8, 55, 45]": 736
          },
          "[:if, 6, 58, 8, 62, 11]": {
            "[:then, 7, 59, 10, 61, 23]": 58,
            "[:else, 8, 58, 8, 62, 11]": 677
          }
        }
      },
      "/home/mouad-imam/Personal/flowrb/lib/flowrb/executor/parallel.rb": {
        "lines": [
          null,
          null,
          1,
          null,
          1,
          1,
          null,
          null,
          1,
          1,
          65,
          65,
          null,
          null,
          1,
          65,
          65,
          null,
          65,
          115,
          null,
          133,
          null,
          null,
          65,
          null,
          17,
          null,
          0,
          null,
          null,
          1,
          null,
          null,
          1,
          1,
          1,
          null,
          1,
          65,
          65,
          65,
          65,
          65,
          65,
          65,
          65,
          null,
          null,
          1,
          65,
          48,
          null,
          null,
          1,
          null,
          1,
          17,
          null,
          null,
          null,
          null,
          null,
          null,
          null,
          null,
          1,
          112,
          null,
          112,
          5,
          null,
          107,
          null,
          null,
          null,
          1,
          5,
          20,
          null,
          null,
          null,
          1,
          107,
          null,
          null,
          1,
          571,
          127,
          null,
          null,
          1,
          444,
          444,
          444,
          444,
          444,
          21,
          null,
          423,
          null,
          null,
          null,
          null,
          null,
          1,
          888,
          null,
          null,
          444,
          444,
          null,
          null,
          441,
          3,
          6,
          3,
          null,
          null,
          null,
          438,
          876,
          438,
          null,
          null,
          null,
          null
        ],
        "branches": {
          "[:if, 0, 20, 10, 20, 37]": {
            "[:then, 1, 20, 10, 20, 15]": 3,
            "[:else, 2, 20, 10, 20, 37]": 112
          },
          "[:if, 3, 51, 10, 51, 40]": {
            "[:then, 4, 51, 10, 51, 26]": 17,
            "[:else, 5, 51, 10, 51, 40]": 48
          },
          "[:if, 6, 68, 8, 68, 36]": {
            "[:then, 7, 68, 8, 68, 14]": 0,
            "[:else, 8, 68, 8, 68, 36]": 112
          },
          "[:\"&.\", 9, 70, 11, 70, 34]": {
            "[:then, 10, 70, 11, 70, 34]": 5,
            "[:else, 11, 70, 11, 70, 34]": 107
          },
          "[:if, 12, 70, 8, 74, 11]": {
            "[:then, 13, 71, 10, 71, 44]": 5,
            "[:else, 14, 73, 10, 73, 46]": 107
          },
          "[:if, 15, 97, 12, 101, 15]": {
            "[:then, 16, 98, 14, 98, 71]": 21,
            "[:else, 17, 100, 14, 100, 61]": 423
          },
          "[:if, 18, 111, 8, 111, 45]": {
            "[:then, 19, 111, 8, 111, 28]": 3,
            "[:else, 20, 111, 8, 111, 45]": 441
          },
          "[:if, 21, 114, 8, 118, 11]": {
            "[:then, 22, 115, 10, 117, 23]": 3,
            "[:else, 23, 114, 8, 118, 11]": 438
          }
        }
      },
      "/home/mouad-imam/Personal/flowrb/lib/flowrb/pipeline.rb": {
        "lines": [
          null,
          null,
          1,
          null,
          1,
          1,
          null,
          1,
          363,
          363,
          363,
          null,
          null,
          1,
          1131,
          1131,
          1128,
          null,
          null,
          null,
          null,
          null,
          null,
          null,
          null,
          null,
          null,
          1,
          396,
          396,
          396,
          null,
          null,
          1,
          45,
          null,
          null,
          1,
          4,
          null,
          null,
          1,
          3,
          null,
          null,
          1,
          5,
          null,
          null,
          1,
          4,
          null,
          null,
          1,
          5,
          null,
          null,
          1,
          null,
          1,
          396,
          null,
          345,
          null,
          51,
          null,
          0,
          0,
          null,
          0,
          null,
          null,
          0,
          null,
          null,
          null,
          1,
          396,
          null,
          null,
          null,
          2,
          null,
          110,
          null,
          0,
          null,
          null,
          null,
          null
        ],
        "branches": {
          "[:if, 0, 11, 6, 11, 38]": {
            "[:then, 1, 11, 6, 11, 22]": 358,
            "[:else, 2, 11, 6, 11, 38]": 5
          },
          "[:case, 3, 61, 6, 74, 9]": {
            "[:when, 4, 63, 8, 63, 37]": 345,
            "[:when, 5, 65, 8, 65, 61]": 51,
            "[:when, 6, 67, 8, 71, 11]": 0,
            "[:else, 7, 73, 8, 73, 101]": 0
          },
          "[:if, 8, 67, 8, 71, 11]": {
            "[:then, 9, 68, 10, 68, 53]": 0,
            "[:else, 10, 70, 10, 70, 27]": 0
          },
          "[:case, 11, 78, 6, 87, 9]": {
            "[:when, 12, 79, 6, 86, 111]": 284,
            "[:when, 13, 82, 8, 82, 35]": 2,
            "[:when, 14, 84, 8, 84, 13]": 110,
            "[:else, 15, 86, 8, 86, 111]": 0
          }
        }
      }
    },
    "timestamp": 1769981469
  }
}
